{"/home/ahmet/project/polygon/frontend/src/main.js": {"path":"/home/ahmet/project/polygon/frontend/src/main.js","statementMap":{"0":{"start":{"line":7,"column":0},"end":{"line":10,"column":14}},"1":{"start":{"line":11,"column":0},"end":{"line":11,"column":67}}},"fnMap":{},"branchMap":{},"s":{"0":1,"1":1},"f":{},"b":{},"_coverageSchema":"43e27e138ebf9cfc5966b082cf9a028302ed4184","hash":"da43e4d8449ea8ba7a49796dd557e1f196cd6f00"}
,"/home/ahmet/project/polygon/frontend/src/components/BlockTableRow.vue": {"path":"/home/ahmet/project/polygon/frontend/src/components/BlockTableRow.vue","statementMap":{"0":{"start":{"line":15,"column":15},"end":{"line":15,"column":null}},"1":{"start":{"line":23,"column":4},"end":{"line":23,"column":11}},"2":{"start":{"line":36,"column":6},"end":{"line":36,"column":11}},"3":{"start":{"line":37,"column":6},"end":{"line":37,"column":11}},"4":{"start":{"line":38,"column":6},"end":{"line":38,"column":11}},"5":{"start":{"line":39,"column":6},"end":{"line":39,"column":11}},"6":{"start":{"line":40,"column":6},"end":{"line":40,"column":11}},"7":{"start":{"line":41,"column":6},"end":{"line":41,"column":11}},"8":{"start":{"line":42,"column":6},"end":{"line":42,"column":11}},"9":{"start":{"line":43,"column":6},"end":{"line":43,"column":11}}},"fnMap":{"0":{"name":"(anonymous_0)","decl":{"start":{"line":21,"column":2},"end":{"line":21,"column":6}},"loc":{"start":{"line":21,"column":9},"end":{"line":33,"column":null}}},"1":{"name":"(anonymous_1)","decl":{"start":{"line":35,"column":20},"end":{"line":35,"column":29}},"loc":{"start":{"line":35,"column":38},"end":{"line":44,"column":null}}}},"branchMap":{},"s":{"0":0,"1":0,"2":0,"3":0,"4":0,"5":0,"6":0,"7":0,"8":0,"9":0},"f":{"0":0,"1":0},"b":{}}
,"/home/ahmet/project/polygon/frontend/src/components/BlocksTable.vue": {"path":"/home/ahmet/project/polygon/frontend/src/components/BlocksTable.vue","statementMap":{"0":{"start":{"line":49,"column":0},"end":{"line":49,"column":null}},"1":{"start":{"line":50,"column":0},"end":{"line":50,"column":null}},"2":{"start":{"line":51,"column":0},"end":{"line":51,"column":null}},"3":{"start":{"line":53,"column":15},"end":{"line":53,"column":null}},"4":{"start":{"line":57,"column":20},"end":{"line":57,"column":null}},"5":{"start":{"line":58,"column":27},"end":{"line":58,"column":36}},"6":{"start":{"line":58,"column":42},"end":{"line":58,"column":null}},"7":{"start":{"line":61,"column":33},"end":{"line":61,"column":null}},"8":{"start":{"line":63,"column":18},"end":{"line":63,"column":null}},"9":{"start":{"line":66,"column":7},"end":{"line":83,"column":null}},"10":{"start":{"line":66,"column":20},"end":{"line":66,"column":23}},"11":{"start":{"line":67,"column":25},"end":{"line":67,"column":37}},"12":{"start":{"line":68,"column":22},"end":{"line":68,"column":null}},"13":{"start":{"line":80,"column":8},"end":{"line":80,"column":27}},"14":{"start":{"line":81,"column":8},"end":{"line":81,"column":15}},"15":{"start":{"line":82,"column":8},"end":{"line":82,"column":13}},"16":{"start":{"line":85,"column":8},"end":{"line":85,"column":13}},"17":{"start":{"line":86,"column":8},"end":{"line":86,"column":15}},"18":{"start":{"line":87,"column":8},"end":{"line":87,"column":15}},"19":{"start":{"line":91,"column":6},"end":{"line":91,"column":13}},"20":{"start":{"line":96,"column":4},"end":{"line":96,"column":9}},"21":{"start":{"line":97,"column":4},"end":{"line":97,"column":11}}},"fnMap":{"0":{"name":"(anonymous_0)","decl":{"start":{"line":56,"column":2},"end":{"line":56,"column":7}},"loc":{"start":{"line":56,"column":10},"end":{"line":92,"column":null}}},"1":{"name":"(anonymous_1)","decl":{"start":{"line":58,"column":36},"end":{"line":58,"column":42}},"loc":{"start":{"line":58,"column":42},"end":{"line":58,"column":null}}},"2":{"name":"getLatestBlocks","decl":{"start":{"line":60,"column":21},"end":{"line":60,"column":39}},"loc":{"start":{"line":60,"column":39},"end":{"line":88,"column":null}}},"3":{"name":"(anonymous_3)","decl":{"start":{"line":95,"column":2},"end":{"line":95,"column":9}},"loc":{"start":{"line":95,"column":12},"end":{"line":98,"column":null}}}},"branchMap":{},"s":{"0":1,"1":1,"2":1,"3":1,"4":0,"5":0,"6":0,"7":0,"8":0,"9":0,"10":0,"11":0,"12":0,"13":0,"14":0,"15":0,"16":0,"17":0,"18":0,"19":0,"20":0,"21":0},"f":{"0":0,"1":0,"2":0,"3":0},"b":{}}
,"/home/ahmet/project/polygon/frontend/src/components/Footer.vue": {"path":"/home/ahmet/project/polygon/frontend/src/components/Footer.vue","statementMap":{"0":{"start":{"line":14,"column":15},"end":{"line":14,"column":null}}},"fnMap":{},"branchMap":{},"s":{"0":1},"f":{},"b":{}}
,"/home/ahmet/project/polygon/frontend/src/components/Header.vue": {"path":"/home/ahmet/project/polygon/frontend/src/components/Header.vue","statementMap":{"0":{"start":{"line":15,"column":15},"end":{"line":15,"column":null}}},"fnMap":{},"branchMap":{},"s":{"0":0},"f":{},"b":{}}
,"/home/ahmet/project/polygon/frontend/src/components/TransactionsTable.vue": {"path":"/home/ahmet/project/polygon/frontend/src/components/TransactionsTable.vue","statementMap":{"0":{"start":{"line":43,"column":0},"end":{"line":43,"column":null}},"1":{"start":{"line":45,"column":15},"end":{"line":45,"column":null}},"2":{"start":{"line":48,"column":4},"end":{"line":48,"column":11}},"3":{"start":{"line":67,"column":17},"end":{"line":67,"column":null}},"4":{"start":{"line":69,"column":6},"end":{"line":73,"column":null}},"5":{"start":{"line":70,"column":8},"end":{"line":70,"column":12}},"6":{"start":{"line":72,"column":8},"end":{"line":72,"column":12}},"7":{"start":{"line":75,"column":6},"end":{"line":75,"column":13}},"8":{"start":{"line":77,"column":23},"end":{"line":77,"column":null}},"9":{"start":{"line":80,"column":6},"end":{"line":86,"column":null}},"10":{"start":{"line":81,"column":8},"end":{"line":81,"column":18}},"11":{"start":{"line":82,"column":8},"end":{"line":82,"column":13}},"12":{"start":{"line":84,"column":8},"end":{"line":84,"column":18}},"13":{"start":{"line":85,"column":8},"end":{"line":85,"column":13}},"14":{"start":{"line":88,"column":4},"end":{"line":100,"column":null}},"15":{"start":{"line":88,"column":17},"end":{"line":88,"column":20}},"16":{"start":{"line":89,"column":6},"end":{"line":89,"column":12}},"17":{"start":{"line":90,"column":28},"end":{"line":90,"column":null}},"18":{"start":{"line":98,"column":9},"end":{"line":98,"column":14}}},"fnMap":{"0":{"name":"(anonymous_0)","decl":{"start":{"line":47,"column":2},"end":{"line":47,"column":6}},"loc":{"start":{"line":47,"column":9},"end":{"line":64,"column":null}}},"1":{"name":"(anonymous_1)","decl":{"start":{"line":66,"column":23},"end":{"line":66,"column":35}},"loc":{"start":{"line":66,"column":35},"end":{"line":101,"column":null}}},"2":{"name":"(anonymous_2)","decl":{"start":{"line":89,"column":28},"end":{"line":89,"column":41}},"loc":{"start":{"line":89,"column":41},"end":{"line":99,"column":null}}}},"branchMap":{"0":{"loc":{"start":{"line":69,"column":6},"end":{"line":73,"column":null}},"type":"if","locations":[{"start":{"line":69,"column":6},"end":{"line":73,"column":null}},{"start":{"line":69,"column":6},"end":{"line":73,"column":null}}]},"1":{"loc":{"start":{"line":80,"column":6},"end":{"line":86,"column":null}},"type":"if","locations":[{"start":{"line":80,"column":6},"end":{"line":86,"column":null}},{"start":{"line":80,"column":6},"end":{"line":86,"column":null}}]}},"s":{"0":1,"1":1,"2":1,"3":2,"4":2,"5":1,"6":1,"7":2,"8":2,"9":2,"10":1,"11":1,"12":1,"13":1,"14":2,"15":2,"16":26,"17":0,"18":0},"f":{"0":1,"1":2,"2":0},"b":{"0":[1,1],"1":[1,1]}}
,"/home/ahmet/project/polygon/frontend/src/router/index.js": {"path":"/home/ahmet/project/polygon/frontend/src/router/index.js","statementMap":{"0":{"start":{"line":7,"column":15},"end":{"line":37,"column":1}},"1":{"start":{"line":35,"column":21},"end":{"line":35,"column":81}},"2":{"start":{"line":39,"column":15},"end":{"line":42,"column":2}}},"fnMap":{"0":{"name":"(anonymous_0)","decl":{"start":{"line":35,"column":15},"end":{"line":35,"column":16}},"loc":{"start":{"line":35,"column":21},"end":{"line":35,"column":81}},"line":35}},"branchMap":{},"s":{"0":1,"1":0,"2":1},"f":{"0":0},"b":{},"_coverageSchema":"43e27e138ebf9cfc5966b082cf9a028302ed4184","hash":"932aace63ad77eee6d7dcf0584502e9a9978b578"}
,"/home/ahmet/project/polygon/frontend/src/store/index.js": {"path":"/home/ahmet/project/polygon/frontend/src/store/index.js","statementMap":{"0":{"start":{"line":3,"column":14},"end":{"line":6,"column":1}},"1":{"start":{"line":8,"column":18},"end":{"line":16,"column":1}},"2":{"start":{"line":10,"column":8},"end":{"line":10,"column":49}},"3":{"start":{"line":14,"column":8},"end":{"line":14,"column":61}}},"fnMap":{"0":{"name":"(anonymous_0)","decl":{"start":{"line":9,"column":4},"end":{"line":9,"column":5}},"loc":{"start":{"line":9,"column":47},"end":{"line":11,"column":5}},"line":9},"1":{"name":"(anonymous_1)","decl":{"start":{"line":13,"column":4},"end":{"line":13,"column":5}},"loc":{"start":{"line":13,"column":59},"end":{"line":15,"column":5}},"line":13}},"branchMap":{},"s":{"0":1,"1":1,"2":0,"3":0},"f":{"0":0,"1":0},"b":{},"_coverageSchema":"43e27e138ebf9cfc5966b082cf9a028302ed4184","hash":"1414bf2ab9220b503b869a88339130c8c7fbed6c"}
,"/home/ahmet/project/polygon/frontend/src/tests/SampleTest.spec.js": {"path":"/home/ahmet/project/polygon/frontend/src/tests/SampleTest.spec.js","statementMap":{"0":{"start":{"line":6,"column":0},"end":{"line":16,"column":3}},"1":{"start":{"line":9,"column":2},"end":{"line":11,"column":5}},"2":{"start":{"line":10,"column":4},"end":{"line":10,"column":37}},"3":{"start":{"line":13,"column":2},"end":{"line":15,"column":5}},"4":{"start":{"line":14,"column":4},"end":{"line":14,"column":56}}},"fnMap":{"0":{"name":"(anonymous_0)","decl":{"start":{"line":6,"column":29},"end":{"line":6,"column":30}},"loc":{"start":{"line":6,"column":35},"end":{"line":16,"column":1}},"line":6},"1":{"name":"(anonymous_1)","decl":{"start":{"line":9,"column":13},"end":{"line":9,"column":14}},"loc":{"start":{"line":9,"column":19},"end":{"line":11,"column":3}},"line":9},"2":{"name":"(anonymous_2)","decl":{"start":{"line":13,"column":41},"end":{"line":13,"column":42}},"loc":{"start":{"line":13,"column":47},"end":{"line":15,"column":3}},"line":13}},"branchMap":{},"s":{"0":0,"1":0,"2":0,"3":0,"4":0},"f":{"0":0,"1":0,"2":0},"b":{},"hash":"cdab99cd9e9fe810b6e7c7a99e0e143a997e46b1"}
,"/home/ahmet/project/polygon/frontend/src/views/About.vue": {"path":"/home/ahmet/project/polygon/frontend/src/views/About.vue","statementMap":{"0":{"start":{"line":8,"column":0},"end":{"line":8,"column":null}},"1":{"start":{"line":10,"column":15},"end":{"line":10,"column":null}}},"fnMap":{},"branchMap":{},"s":{"0":0,"1":0},"f":{},"b":{}}
,"/home/ahmet/project/polygon/frontend/src/views/Accounts.vue": {"path":"/home/ahmet/project/polygon/frontend/src/views/Accounts.vue","statementMap":{"0":{"start":{"line":7,"column":0},"end":{"line":7,"column":null}},"1":{"start":{"line":9,"column":15},"end":{"line":9,"column":null}}},"fnMap":{},"branchMap":{},"s":{"0":1,"1":1},"f":{},"b":{}}
,"/home/ahmet/project/polygon/frontend/src/views/Blocks.vue": {"path":"/home/ahmet/project/polygon/frontend/src/views/Blocks.vue","statementMap":{"0":{"start":{"line":7,"column":0},"end":{"line":7,"column":null}},"1":{"start":{"line":8,"column":0},"end":{"line":8,"column":null}},"2":{"start":{"line":9,"column":15},"end":{"line":9,"column":null}}},"fnMap":{},"branchMap":{},"s":{"0":1,"1":1,"2":1},"f":{},"b":{}}
,"/home/ahmet/project/polygon/frontend/src/views/Home.vue": {"path":"/home/ahmet/project/polygon/frontend/src/views/Home.vue","statementMap":{"0":{"start":{"line":10,"column":0},"end":{"line":10,"column":null}},"1":{"start":{"line":11,"column":15},"end":{"line":11,"column":null}}},"fnMap":{},"branchMap":{},"s":{"0":1,"1":1},"f":{},"b":{}}
,"/home/ahmet/project/polygon/frontend/src/views/Transactions.vue": {"path":"/home/ahmet/project/polygon/frontend/src/views/Transactions.vue","statementMap":{"0":{"start":{"line":7,"column":0},"end":{"line":7,"column":null}},"1":{"start":{"line":8,"column":0},"end":{"line":8,"column":null}},"2":{"start":{"line":9,"column":15},"end":{"line":9,"column":null}}},"fnMap":{},"branchMap":{},"s":{"0":1,"1":1,"2":1},"f":{},"b":{}}
}
