TN:
SF:/home/ahmet/project/polygon/frontend/src/main.js
FNF:0
FNH:0
DA:7,1
DA:11,1
LF:2
LH:2
BRF:0
BRH:0
end_of_record
TN:
SF:/home/ahmet/project/polygon/frontend/src/components/BlockTableRow.vue
FN:21,(anonymous_0)
FN:35,(anonymous_1)
FNF:2
FNH:0
FNDA:0,(anonymous_0)
FNDA:0,(anonymous_1)
DA:15,0
DA:23,0
DA:36,0
DA:37,0
DA:38,0
DA:39,0
DA:40,0
DA:41,0
DA:42,0
DA:43,0
LF:10
LH:0
BRF:0
BRH:0
end_of_record
TN:
SF:/home/ahmet/project/polygon/frontend/src/components/BlocksTable.vue
FN:56,(anonymous_0)
FN:58,(anonymous_1)
FN:60,getLatestBlocks
FN:95,(anonymous_3)
FNF:4
FNH:0
FNDA:0,(anonymous_0)
FNDA:0,(anonymous_1)
FNDA:0,getLatestBlocks
FNDA:0,(anonymous_3)
DA:49,1
DA:50,1
DA:51,1
DA:53,1
DA:57,0
DA:58,0
DA:61,0
DA:63,0
DA:66,0
DA:67,0
DA:68,0
DA:80,0
DA:81,0
DA:82,0
DA:85,0
DA:86,0
DA:87,0
DA:91,0
DA:96,0
DA:97,0
LF:20
LH:4
BRF:0
BRH:0
end_of_record
TN:
SF:/home/ahmet/project/polygon/frontend/src/components/Footer.vue
FNF:0
FNH:0
DA:14,1
LF:1
LH:1
BRF:0
BRH:0
end_of_record
TN:
SF:/home/ahmet/project/polygon/frontend/src/components/Header.vue
FNF:0
FNH:0
DA:15,0
LF:1
LH:0
BRF:0
BRH:0
end_of_record
TN:
SF:/home/ahmet/project/polygon/frontend/src/components/TransactionsTable.vue
FN:47,(anonymous_0)
FN:66,(anonymous_1)
FN:89,(anonymous_2)
FNF:3
FNH:2
FNDA:1,(anonymous_0)
FNDA:2,(anonymous_1)
FNDA:0,(anonymous_2)
DA:43,1
DA:45,1
DA:48,1
DA:67,2
DA:69,2
DA:70,1
DA:72,1
DA:75,2
DA:77,2
DA:80,2
DA:81,1
DA:82,1
DA:84,1
DA:85,1
DA:88,2
DA:89,26
DA:90,0
DA:98,0
LF:18
LH:16
BRDA:69,0,0,1
BRDA:69,0,1,1
BRDA:80,1,0,1
BRDA:80,1,1,1
BRF:4
BRH:4
end_of_record
TN:
SF:/home/ahmet/project/polygon/frontend/src/router/index.js
FN:35,(anonymous_0)
FNF:1
FNH:0
FNDA:0,(anonymous_0)
DA:7,1
DA:35,0
DA:39,1
LF:3
LH:2
BRF:0
BRH:0
end_of_record
TN:
SF:/home/ahmet/project/polygon/frontend/src/store/index.js
FN:9,(anonymous_0)
FN:13,(anonymous_1)
FNF:2
FNH:0
FNDA:0,(anonymous_0)
FNDA:0,(anonymous_1)
DA:3,1
DA:8,1
DA:10,0
DA:14,0
LF:4
LH:2
BRF:0
BRH:0
end_of_record
TN:
SF:/home/ahmet/project/polygon/frontend/src/tests/SampleTest.spec.js
FN:6,(anonymous_0)
FN:9,(anonymous_1)
FN:13,(anonymous_2)
FNF:3
FNH:0
FNDA:0,(anonymous_0)
FNDA:0,(anonymous_1)
FNDA:0,(anonymous_2)
DA:6,0
DA:9,0
DA:10,0
DA:13,0
DA:14,0
LF:5
LH:0
BRF:0
BRH:0
end_of_record
TN:
SF:/home/ahmet/project/polygon/frontend/src/views/About.vue
FNF:0
FNH:0
DA:8,0
DA:10,0
LF:2
LH:0
BRF:0
BRH:0
end_of_record
TN:
SF:/home/ahmet/project/polygon/frontend/src/views/Accounts.vue
FNF:0
FNH:0
DA:7,1
DA:9,1
LF:2
LH:2
BRF:0
BRH:0
end_of_record
TN:
SF:/home/ahmet/project/polygon/frontend/src/views/Blocks.vue
FNF:0
FNH:0
DA:7,1
DA:8,1
DA:9,1
LF:3
LH:3
BRF:0
BRH:0
end_of_record
TN:
SF:/home/ahmet/project/polygon/frontend/src/views/Home.vue
FNF:0
FNH:0
DA:10,1
DA:11,1
LF:2
LH:2
BRF:0
BRH:0
end_of_record
TN:
SF:/home/ahmet/project/polygon/frontend/src/views/Transactions.vue
FNF:0
FNH:0
DA:7,1
DA:8,1
DA:9,1
LF:3
LH:3
BRF:0
BRH:0
end_of_record
